<?xml version="1.0" encoding="UTF-8"?>
<!-- Generated by org.testng.reporters.JUnitReportReporter -->
<testsuite hostname="Gopi" failures="0" tests="4" name="OrangeHRMPerformance.Performance" time="7.542" errors="0" timestamp="2023-05-03T21:57:22 IST" skipped="0">
  <testcase classname="OrangeHRMPerformance.Performance" name="login" time="2.919"/>
  <system-out/>
  <testcase classname="OrangeHRMPerformance.Performance" name="performace" time="2.232"/>
  <system-out/>
  <testcase classname="OrangeHRMPerformance.Performance" name="configure" time="1.260"/>
  <system-out/>
  <testcase classname="OrangeHRMPerformance.Performance" name="KPIs" time="1.131"/>
  <system-out/>
</testsuite> <!-- OrangeHRMPerformance.Performance -->
